[debug] [2025-03-24T14:12:18.120Z] ----------------------------------------------------------------------
[debug] [2025-03-24T14:12:18.123Z] Command:       C:\Program Files\nodejs\node.exe C:\Users\allyg\AppData\Roaming\npm\node_modules\firebase-tools\lib\bin\firebase.js init
[debug] [2025-03-24T14:12:18.123Z] CLI Version:   13.35.1
[debug] [2025-03-24T14:12:18.124Z] Platform:      win32
[debug] [2025-03-24T14:12:18.124Z] Node Version:  v22.14.0
[debug] [2025-03-24T14:12:18.124Z] Time:          Tue Mar 25 2025 01:12:18 GMT+1100 (Australian Eastern Daylight Time)
[debug] [2025-03-24T14:12:18.124Z] ----------------------------------------------------------------------
[debug] 
[debug] [2025-03-24T14:12:18.131Z] > command requires scopes: ["email","openid","https://www.googleapis.com/auth/cloudplatformprojects.readonly","https://www.googleapis.com/auth/firebase","https://www.googleapis.com/auth/cloud-platform"]
[debug] [2025-03-24T14:12:18.132Z] > authorizing via signed-in user (emrldz.world@gmail.com)
[info] 
     ######## #### ########  ######## ########     ###     ######  ########
     ##        ##  ##     ## ##       ##     ##  ##   ##  ##       ##
     ######    ##  ########  ######   ########  #########  ######  ######
     ##        ##  ##    ##  ##       ##     ## ##     ##       ## ##
     ##       #### ##     ## ######## ########  ##     ##  ######  ########

You're about to initialize a Firebase project in this directory:

  C:\Users\allyg\Documents\1. Coding\3DQR

[info] 
=== Project Setup
[info] 
[info] First, let's associate this project directory with a Firebase project.
[info] You can create multiple project aliases by running firebase use --add, 
[info] but for now we'll just set up a default project.
[info] 
[debug] [2025-03-24T14:17:09.396Z] Checked if tokens are valid: true, expires at: 1742829088803
[debug] [2025-03-24T14:17:09.397Z] Checked if tokens are valid: true, expires at: 1742829088803
[debug] [2025-03-24T14:17:09.398Z] >>> [apiv2][query] GET https://firebase.googleapis.com/v1beta1/projects pageSize=100
[debug] [2025-03-24T14:17:10.201Z] <<< [apiv2][status] GET https://firebase.googleapis.com/v1beta1/projects 200
[debug] [2025-03-24T14:17:10.201Z] <<< [apiv2][body] GET https://firebase.googleapis.com/v1beta1/projects [omitted]
[info] i  Using project qr3dqr (3D QR) 
[info] 
=== Firestore Setup
[debug] [2025-03-24T14:17:12.739Z] Checked if tokens are valid: true, expires at: 1742829088803
[debug] [2025-03-24T14:17:12.739Z] Checked if tokens are valid: true, expires at: 1742829088803
[debug] [2025-03-24T14:17:12.739Z] >>> [apiv2][query] GET https://serviceusage.googleapis.com/v1/projects/qr3dqr/services/firestore.googleapis.com [none]
[debug] [2025-03-24T14:17:12.739Z] >>> [apiv2][(partial)header] GET https://serviceusage.googleapis.com/v1/projects/qr3dqr/services/firestore.googleapis.com x-goog-quota-user=projects/qr3dqr
[debug] [2025-03-24T14:17:14.261Z] <<< [apiv2][status] GET https://serviceusage.googleapis.com/v1/projects/qr3dqr/services/firestore.googleapis.com 200
[debug] [2025-03-24T14:17:14.262Z] <<< [apiv2][body] GET https://serviceusage.googleapis.com/v1/projects/qr3dqr/services/firestore.googleapis.com [omitted]
[debug] [2025-03-24T14:17:14.263Z] Checked if tokens are valid: true, expires at: 1742829088803
[debug] [2025-03-24T14:17:14.263Z] Checked if tokens are valid: true, expires at: 1742829088803
[debug] [2025-03-24T14:17:14.263Z] >>> [apiv2][query] GET https://firestore.googleapis.com/v1/projects/qr3dqr/databases/(default) [none]
[debug] [2025-03-24T14:17:14.581Z] <<< [apiv2][status] GET https://firestore.googleapis.com/v1/projects/qr3dqr/databases/(default) 200
[debug] [2025-03-24T14:17:14.581Z] <<< [apiv2][body] GET https://firestore.googleapis.com/v1/projects/qr3dqr/databases/(default) {"name":"projects/qr3dqr/databases/(default)","uid":"503e2c33-15a3-4f32-909a-29b7d41c36f8","createTime":"2025-03-24T11:48:19.837942Z","updateTime":"2025-03-24T11:48:19.837942Z","locationId":"australia-southeast2","type":"FIRESTORE_NATIVE","concurrencyMode":"PESSIMISTIC","versionRetentionPeriod":"3600s","earliestVersionTime":"2025-03-24T13:17:14.576045Z","appEngineIntegrationMode":"DISABLED","pointInTimeRecoveryEnablement":"POINT_IN_TIME_RECOVERY_DISABLED","deleteProtectionState":"DELETE_PROTECTION_DISABLED","databaseEdition":"STANDARD","freeTier":true,"etag":"IN3qmZb0oowDMPbf5PHSoowD"}
[debug] [2025-03-24T14:17:14.582Z] database_type: FIRESTORE_NATIVE
[debug] [2025-03-24T14:17:14.582Z] database_type: FIRESTORE_NATIVE
[debug] [2025-03-24T14:17:14.583Z] > command requires scopes: ["email","openid","https://www.googleapis.com/auth/cloudplatformprojects.readonly","https://www.googleapis.com/auth/firebase","https://www.googleapis.com/auth/cloud-platform"]
[debug] [2025-03-24T14:17:14.583Z] > authorizing via signed-in user (emrldz.world@gmail.com)
[debug] [2025-03-24T14:17:14.584Z] [iam] checking project qr3dqr for permissions ["firebase.projects.get"]
[debug] [2025-03-24T14:17:14.585Z] Checked if tokens are valid: true, expires at: 1742829088803
[debug] [2025-03-24T14:17:14.585Z] Checked if tokens are valid: true, expires at: 1742829088803
[debug] [2025-03-24T14:17:14.585Z] >>> [apiv2][query] POST https://cloudresourcemanager.googleapis.com/v1/projects/qr3dqr:testIamPermissions [none]
[debug] [2025-03-24T14:17:14.586Z] >>> [apiv2][(partial)header] POST https://cloudresourcemanager.googleapis.com/v1/projects/qr3dqr:testIamPermissions x-goog-quota-user=projects/qr3dqr
[debug] [2025-03-24T14:17:14.586Z] >>> [apiv2][body] POST https://cloudresourcemanager.googleapis.com/v1/projects/qr3dqr:testIamPermissions {"permissions":["firebase.projects.get"]}
[debug] [2025-03-24T14:17:15.706Z] <<< [apiv2][status] POST https://cloudresourcemanager.googleapis.com/v1/projects/qr3dqr:testIamPermissions 200
[debug] [2025-03-24T14:17:15.706Z] <<< [apiv2][body] POST https://cloudresourcemanager.googleapis.com/v1/projects/qr3dqr:testIamPermissions {"permissions":["firebase.projects.get"]}
[info] 
[info] Firestore Security Rules allow you to define how and when to allow
[info] requests. You can keep these rules in your project directory
[info] and publish them with firebase deploy.
[info] 
[debug] [2025-03-24T14:18:13.070Z] Checked if tokens are valid: true, expires at: 1742829088803
[debug] [2025-03-24T14:18:13.070Z] Checked if tokens are valid: true, expires at: 1742829088803
[debug] [2025-03-24T14:18:13.070Z] >>> [apiv2][query] GET https://firebaserules.googleapis.com/v1/projects/qr3dqr/releases pageSize=10&pageToken=
[debug] [2025-03-24T14:18:14.639Z] <<< [apiv2][status] GET https://firebaserules.googleapis.com/v1/projects/qr3dqr/releases 200
[debug] [2025-03-24T14:18:14.640Z] <<< [apiv2][body] GET https://firebaserules.googleapis.com/v1/projects/qr3dqr/releases {"releases":[{"name":"projects/qr3dqr/releases/cloud.firestore","rulesetName":"projects/qr3dqr/rulesets/600c74b1-d145-4d37-a80c-623ab8203b0b","createTime":"2025-03-24T11:48:27.776712Z","updateTime":"2025-03-24T11:48:27.776712Z"}]}
[debug] [2025-03-24T14:18:14.640Z] Found ruleset: projects/qr3dqr/rulesets/600c74b1-d145-4d37-a80c-623ab8203b0b
[debug] [2025-03-24T14:18:14.640Z] Checked if tokens are valid: true, expires at: 1742829088803
[debug] [2025-03-24T14:18:14.641Z] Checked if tokens are valid: true, expires at: 1742829088803
[debug] [2025-03-24T14:18:14.641Z] >>> [apiv2][query] GET https://firebaserules.googleapis.com/v1/projects/qr3dqr/rulesets/600c74b1-d145-4d37-a80c-623ab8203b0b [none]
[debug] [2025-03-24T14:18:15.982Z] <<< [apiv2][status] GET https://firebaserules.googleapis.com/v1/projects/qr3dqr/rulesets/600c74b1-d145-4d37-a80c-623ab8203b0b 200
[debug] [2025-03-24T14:18:15.982Z] <<< [apiv2][body] GET https://firebaserules.googleapis.com/v1/projects/qr3dqr/rulesets/600c74b1-d145-4d37-a80c-623ab8203b0b [omitted]
[info] 
[info] Firestore indexes allow you to perform complex queries while
[info] maintaining performance that scales with the size of the result
[info] set. You can keep index definitions in your project directory
[info] and publish them with firebase deploy.
[info] 
[debug] [2025-03-24T14:18:50.568Z] Checked if tokens are valid: true, expires at: 1742829088803
[debug] [2025-03-24T14:18:50.568Z] Checked if tokens are valid: true, expires at: 1742829088803
[debug] [2025-03-24T14:18:50.569Z] Checked if tokens are valid: true, expires at: 1742829088803
[debug] [2025-03-24T14:18:50.569Z] Checked if tokens are valid: true, expires at: 1742829088803
[debug] [2025-03-24T14:18:50.569Z] >>> [apiv2][query] GET https://firestore.googleapis.com/v1/projects/qr3dqr/databases/(default)/collectionGroups/-/indexes [none]
[debug] [2025-03-24T14:18:50.571Z] >>> [apiv2][query] GET https://firestore.googleapis.com/v1/projects/qr3dqr/databases/(default)/collectionGroups/-/fields?filter=indexConfig.usesAncestorConfig=false OR ttlConfig:* [none]
[debug] [2025-03-24T14:18:50.870Z] <<< [apiv2][status] GET https://firestore.googleapis.com/v1/projects/qr3dqr/databases/(default)/collectionGroups/-/indexes 200
[debug] [2025-03-24T14:18:50.870Z] <<< [apiv2][body] GET https://firestore.googleapis.com/v1/projects/qr3dqr/databases/(default)/collectionGroups/-/indexes {}
[debug] [2025-03-24T14:18:51.071Z] <<< [apiv2][status] GET https://firestore.googleapis.com/v1/projects/qr3dqr/databases/(default)/collectionGroups/-/fields?filter=indexConfig.usesAncestorConfig=false OR ttlConfig:* 200
[debug] [2025-03-24T14:18:51.071Z] <<< [apiv2][body] GET https://firestore.googleapis.com/v1/projects/qr3dqr/databases/(default)/collectionGroups/-/fields?filter=indexConfig.usesAncestorConfig=false OR ttlConfig:* {"fields":[{"name":"projects/qr3dqr/databases/(default)/collectionGroups/__default__/fields/*","indexConfig":{"indexes":[{"queryScope":"COLLECTION","fields":[{"fieldPath":"*","order":"ASCENDING"}],"state":"READY"},{"queryScope":"COLLECTION","fields":[{"fieldPath":"*","order":"DESCENDING"}],"state":"READY"},{"queryScope":"COLLECTION","fields":[{"fieldPath":"*","arrayConfig":"CONTAINS"}],"state":"READY"}]}}]}
[info] 
=== Hosting Setup
[debug] [2025-03-24T14:18:51.074Z] Checked if tokens are valid: true, expires at: 1742829088803
[debug] [2025-03-24T14:18:51.075Z] Checked if tokens are valid: true, expires at: 1742829088803
[debug] [2025-03-24T14:18:51.075Z] >>> [apiv2][query] GET https://firebase.googleapis.com/v1beta1/projects/qr3dqr [none]
[debug] [2025-03-24T14:18:51.794Z] <<< [apiv2][status] GET https://firebase.googleapis.com/v1beta1/projects/qr3dqr 200
[debug] [2025-03-24T14:18:51.795Z] <<< [apiv2][body] GET https://firebase.googleapis.com/v1beta1/projects/qr3dqr {"projectId":"qr3dqr","projectNumber":"489860224144","displayName":"3D QR","name":"projects/qr3dqr","resources":{"hostingSite":"qr3dqr"},"state":"ACTIVE","etag":"1_4a5470e4-9418-488e-899b-e6fcc7155ca5"}
[info] 
[info] Your public directory is the folder (relative to your project directory) that
[info] will contain Hosting assets to be uploaded with firebase deploy. If you
[info] have a build process for your assets, use your build's output directory.
[info] 
[info] +  Wrote public/404.html 
[debug] [2025-03-24T14:22:59.252Z] >>> [apiv2][query] GET https://www.gstatic.com/firebasejs/releases.json [none]
[debug] [2025-03-24T14:22:59.492Z] <<< [apiv2][status] GET https://www.gstatic.com/firebasejs/releases.json 200
[debug] [2025-03-24T14:22:59.492Z] <<< [apiv2][body] GET https://www.gstatic.com/firebasejs/releases.json {"current":{"version":"11.5.0","browserURL":"https://www.gstatic.com/firebasejs/11.5.0/firebase.js","packageURL":"https://www.gstatic.com/firebasejs/11.5.0/firebase.tgz"},"live":{"version":"11.5","browserURL":"https://www.gstatic.com/firebasejs/live/11.5/firebase.js","packageURL":"https://www.gstatic.com/firebasejs/live/11.5/firebase.tgz"},"components":{"analytics":"https://www.gstatic.com/firebasejs/11.5.0/firebase-analytics.js","app":"https://www.gstatic.com/firebasejs/11.5.0/firebase-app.js","app-check":"https://www.gstatic.com/firebasejs/11.5.0/firebase-app-check.js","auth":"https://www.gstatic.com/firebasejs/11.5.0/firebase-auth.js","auth/cordova":"https://www.gstatic.com/firebasejs/11.5.0/firebase-auth/cordova.js","auth/web-extension":"https://www.gstatic.com/firebasejs/11.5.0/firebase-auth/web-extension.js","functions":"https://www.gstatic.com/firebasejs/11.5.0/firebase-functions.js","firestore":"https://www.gstatic.com/firebasejs/11.5.0/firebase-firestore.js","firestore/lite":"https://www.gstatic.com/firebasejs/11.5.0/firebase-firestore/lite.js","installations":"https://www.gstatic.com/firebasejs/11.5.0/firebase-installations.js","storage":"https://www.gstatic.com/firebasejs/11.5.0/firebase-storage.js","performance":"https://www.gstatic.com/firebasejs/11.5.0/firebase-performance.js","remote-config":"https://www.gstatic.com/firebasejs/11.5.0/firebase-remote-config.js","messaging":"https://www.gstatic.com/firebasejs/11.5.0/firebase-messaging.js","messaging/sw":"https://www.gstatic.com/firebasejs/11.5.0/firebase-messaging/sw.js","database":"https://www.gstatic.com/firebasejs/11.5.0/firebase-database.js","vertexai":"https://www.gstatic.com/firebasejs/11.5.0/firebase-vertexai.js","data-connect":"https://www.gstatic.com/firebasejs/11.5.0/firebase-data-connect.js","firestore.memory":"https://www.gstatic.com/firebasejs/11.5.0/firebase-firestore.memory.js"}}
[debug] [2025-03-24T14:22:59.747Z] Error: EISDIR: illegal operation on a directory, open 'C:\Users\allyg\Documents\1. Coding\3DQR\public\index.html'
    at Object.writeFileSync (node:fs:2426:20)
    at Object.createFileSync (C:\Users\allyg\AppData\Roaming\npm\node_modules\firebase-tools\node_modules\fs-extra\lib\ensure\file.js:63:6)
    at Config.writeProjectFile (C:\Users\allyg\AppData\Roaming\npm\node_modules\firebase-tools\lib\config.js:159:12)
    at C:\Users\allyg\AppData\Roaming\npm\node_modules\firebase-tools\lib\config.js:193:22
    at process.processTicksAndRejections (node:internal/process/task_queues:105:5)
    at async doSetup (C:\Users\allyg\AppData\Roaming\npm\node_modules\firebase-tools\lib\init\features\hosting\index.js:177:9)
    at async init (C:\Users\allyg\AppData\Roaming\npm\node_modules\firebase-tools\lib\init\index.js:41:9)
[error] 
[error] Error: An unexpected error has occurred.
